[1230/003257.370:ERROR:process_reader_win.cc(123)] NtOpenThread: {无法访问} 过程已请求访问一对象，但未给访问权限。 (0xc0000022)
[1230/003257.371:ERROR:exception_snapshot_win.cc(88)] thread ID 55476 not found in process
[1230/003257.404:ERROR:process_reader_win.cc(123)] NtOpenThread: {无法访问} 过程已请求访问一对象，但未给访问权限。 (0xc0000022)
[1230/003257.404:ERROR:exception_snapshot_win.cc(88)] thread ID 69988 not found in process
[1230/003257.407:ERROR:process_reader_win.cc(123)] NtOpenThread: {无法访问} 过程已请求访问一对象，但未给访问权限。 (0xc0000022)
[1230/003257.407:ERROR:process_reader_win.cc(123)] NtOpenThread: {无法访问} 过程已请求访问一对象，但未给访问权限。 (0xc0000022)
[1230/003257.408:ERROR:exception_snapshot_win.cc(88)] thread ID 62796 not found in process
[1230/003257.408:ERROR:exception_snapshot_win.cc(88)] thread ID 54240 not found in process
[1230/154209.023:ERROR:process_reader_win.cc(123)] NtOpenThread: {无法访问} 过程已请求访问一对象，但未给访问权限。 (0xc0000022)
[1230/154209.023:ERROR:exception_snapshot_win.cc(88)] thread ID 72936 not found in process
[1230/154209.035:ERROR:process_reader_win.cc(123)] NtOpenThread: {无法访问} 过程已请求访问一对象，但未给访问权限。 (0xc0000022)
[1230/154209.035:ERROR:exception_snapshot_win.cc(88)] thread ID 36356 not found in process
[1230/154320.774:ERROR:process_reader_win.cc(123)] NtOpenThread: {无法访问} 过程已请求访问一对象，但未给访问权限。 (0xc0000022)
[1230/154320.774:ERROR:exception_snapshot_win.cc(88)] thread ID 74460 not found in process
[1230/160037.447:ERROR:process_reader_win.cc(123)] NtOpenThread: {无法访问} 过程已请求访问一对象，但未给访问权限。 (0xc0000022)
[1230/160037.447:ERROR:exception_snapshot_win.cc(88)] thread ID 61660 not found in process
[1230/160326.087:ERROR:process_reader_win.cc(123)] NtOpenThread: {无法访问} 过程已请求访问一对象，但未给访问权限。 (0xc0000022)
[1230/160326.087:ERROR:exception_snapshot_win.cc(88)] thread ID 76748 not found in process
[1230/160326.095:ERROR:process_reader_win.cc(123)] NtOpenThread: {无法访问} 过程已请求访问一对象，但未给访问权限。 (0xc0000022)
[1230/160326.095:ERROR:exception_snapshot_win.cc(88)] thread ID 25172 not found in process
[1230/161032.163:ERROR:process_reader_win.cc(123)] NtOpenThread: {无法访问} 过程已请求访问一对象，但未给访问权限。 (0xc0000022)
[1230/161032.164:ERROR:exception_snapshot_win.cc(88)] thread ID 24184 not found in process
[1230/161032.179:ERROR:process_reader_win.cc(123)] NtOpenThread: {无法访问} 过程已请求访问一对象，但未给访问权限。 (0xc0000022)
[1230/161032.180:ERROR:exception_snapshot_win.cc(88)] thread ID 63832 not found in process
[1230/161217.313:ERROR:process_reader_win.cc(123)] NtOpenThread: {无法访问} 过程已请求访问一对象，但未给访问权限。 (0xc0000022)
[1230/161217.316:ERROR:exception_snapshot_win.cc(88)] thread ID 66516 not found in process
[1230/161217.335:ERROR:process_reader_win.cc(123)] NtOpenThread: {无法访问} 过程已请求访问一对象，但未给访问权限。 (0xc0000022)
[1230/161217.336:ERROR:exception_snapshot_win.cc(88)] thread ID 74284 not found in process
[1230/162718.294:ERROR:process_reader_win.cc(123)] NtOpenThread: {无法访问} 过程已请求访问一对象，但未给访问权限。 (0xc0000022)
[1230/162718.295:ERROR:exception_snapshot_win.cc(88)] thread ID 58316 not found in process
[1230/162718.311:ERROR:process_reader_win.cc(123)] NtOpenThread: {无法访问} 过程已请求访问一对象，但未给访问权限。 (0xc0000022)
[1230/162718.312:ERROR:exception_snapshot_win.cc(88)] thread ID 61328 not found in process
[1230/162955.336:ERROR:process_reader_win.cc(123)] NtOpenThread: {无法访问} 过程已请求访问一对象，但未给访问权限。 (0xc0000022)
[1230/162955.337:ERROR:exception_snapshot_win.cc(88)] thread ID 71776 not found in process
[1230/162955.342:ERROR:process_reader_win.cc(123)] NtOpenThread: {无法访问} 过程已请求访问一对象，但未给访问权限。 (0xc0000022)
[1230/162955.342:ERROR:exception_snapshot_win.cc(88)] thread ID 38948 not found in process
[1230/163055.370:ERROR:process_reader_win.cc(123)] NtOpenThread: {无法访问} 过程已请求访问一对象，但未给访问权限。 (0xc0000022)
[1230/163055.370:ERROR:process_reader_win.cc(123)] NtOpenThread: {无法访问} 过程已请求访问一对象，但未给访问权限。 (0xc0000022)
[1230/163055.371:ERROR:exception_snapshot_win.cc(88)] thread ID 61464 not found in process
[1230/163055.371:ERROR:exception_snapshot_win.cc(88)] thread ID 67720 not found in process
[1230/163801.664:ERROR:process_reader_win.cc(123)] NtOpenThread: {无法访问} 过程已请求访问一对象，但未给访问权限。 (0xc0000022)
[1230/163801.665:ERROR:exception_snapshot_win.cc(88)] thread ID 42676 not found in process
[1230/163801.675:ERROR:process_reader_win.cc(123)] NtOpenThread: {无法访问} 过程已请求访问一对象，但未给访问权限。 (0xc0000022)
[1230/163801.676:ERROR:exception_snapshot_win.cc(88)] thread ID 58684 not found in process
[1230/164214.397:ERROR:process_reader_win.cc(123)] NtOpenThread: {无法访问} 过程已请求访问一对象，但未给访问权限。 (0xc0000022)
[1230/164214.397:ERROR:exception_snapshot_win.cc(88)] thread ID 63696 not found in process
[1230/164214.417:ERROR:process_reader_win.cc(123)] NtOpenThread: {无法访问} 过程已请求访问一对象，但未给访问权限。 (0xc0000022)
[1230/164214.417:ERROR:exception_snapshot_win.cc(88)] thread ID 63988 not found in process
[1230/165055.429:ERROR:process_reader_win.cc(123)] NtOpenThread: {无法访问} 过程已请求访问一对象，但未给访问权限。 (0xc0000022)
[1230/165055.430:ERROR:exception_snapshot_win.cc(88)] thread ID 56456 not found in process
[1230/165055.448:ERROR:process_reader_win.cc(123)] NtOpenThread: {无法访问} 过程已请求访问一对象，但未给访问权限。 (0xc0000022)
[1230/165055.449:ERROR:exception_snapshot_win.cc(88)] thread ID 67836 not found in process
[1230/165543.552:ERROR:process_reader_win.cc(123)] NtOpenThread: {无法访问} 过程已请求访问一对象，但未给访问权限。 (0xc0000022)
[1230/165543.553:ERROR:exception_snapshot_win.cc(88)] thread ID 49472 not found in process
[1230/165543.554:ERROR:process_reader_win.cc(123)] NtOpenThread: {无法访问} 过程已请求访问一对象，但未给访问权限。 (0xc0000022)
[1230/165543.554:ERROR:exception_snapshot_win.cc(88)] thread ID 57460 not found in process
[1230/170422.783:ERROR:process_reader_win.cc(123)] NtOpenThread: {无法访问} 过程已请求访问一对象，但未给访问权限。 (0xc0000022)
[1230/170422.784:ERROR:exception_snapshot_win.cc(88)] thread ID 16632 not found in process
[1230/170422.800:ERROR:process_reader_win.cc(123)] NtOpenThread: {无法访问} 过程已请求访问一对象，但未给访问权限。 (0xc0000022)
[1230/170422.801:ERROR:exception_snapshot_win.cc(88)] thread ID 5776 not found in process
[1230/170739.344:ERROR:process_reader_win.cc(123)] NtOpenThread: {无法访问} 过程已请求访问一对象，但未给访问权限。 (0xc0000022)
[1230/170739.345:ERROR:exception_snapshot_win.cc(88)] thread ID 57996 not found in process
[1230/171040.582:ERROR:process_reader_win.cc(123)] NtOpenThread: {无法访问} 过程已请求访问一对象，但未给访问权限。 (0xc0000022)
[1230/171040.583:ERROR:exception_snapshot_win.cc(88)] thread ID 67060 not found in process
[1230/171040.589:ERROR:process_reader_win.cc(123)] NtOpenThread: {无法访问} 过程已请求访问一对象，但未给访问权限。 (0xc0000022)
[1230/171040.589:ERROR:exception_snapshot_win.cc(88)] thread ID 7156 not found in process
[1230/174906.025:ERROR:process_reader_win.cc(123)] NtOpenThread: {无法访问} 过程已请求访问一对象，但未给访问权限。 (0xc0000022)
[1230/174906.026:ERROR:exception_snapshot_win.cc(88)] thread ID 64916 not found in process
[1230/174906.035:ERROR:process_reader_win.cc(123)] NtOpenThread: {无法访问} 过程已请求访问一对象，但未给访问权限。 (0xc0000022)
[1230/174906.036:ERROR:exception_snapshot_win.cc(88)] thread ID 68336 not found in process
[1230/175045.849:ERROR:process_reader_win.cc(123)] NtOpenThread: {无法访问} 过程已请求访问一对象，但未给访问权限。 (0xc0000022)
[1230/175045.850:ERROR:exception_snapshot_win.cc(88)] thread ID 38168 not found in process
[1230/175045.865:ERROR:process_reader_win.cc(123)] NtOpenThread: {无法访问} 过程已请求访问一对象，但未给访问权限。 (0xc0000022)
[1230/175045.866:ERROR:exception_snapshot_win.cc(88)] thread ID 12380 not found in process
[1230/180426.593:ERROR:process_reader_win.cc(123)] NtOpenThread: {无法访问} 过程已请求访问一对象，但未给访问权限。 (0xc0000022)
[1230/180426.593:ERROR:exception_snapshot_win.cc(88)] thread ID 62088 not found in process
[1230/180426.594:ERROR:process_reader_win.cc(123)] NtOpenThread: {无法访问} 过程已请求访问一对象，但未给访问权限。 (0xc0000022)
[1230/180426.594:ERROR:exception_snapshot_win.cc(88)] thread ID 45536 not found in process
[1230/181159.355:ERROR:process_reader_win.cc(123)] NtOpenThread: {无法访问} 过程已请求访问一对象，但未给访问权限。 (0xc0000022)
[1230/181159.356:ERROR:exception_snapshot_win.cc(88)] thread ID 20156 not found in process
[1230/181159.371:ERROR:process_reader_win.cc(123)] NtOpenThread: {无法访问} 过程已请求访问一对象，但未给访问权限。 (0xc0000022)
[1230/181159.371:ERROR:exception_snapshot_win.cc(88)] thread ID 34696 not found in process
[1230/181849.917:ERROR:process_reader_win.cc(123)] NtOpenThread: {无法访问} 过程已请求访问一对象，但未给访问权限。 (0xc0000022)
[1230/181849.917:ERROR:exception_snapshot_win.cc(88)] thread ID 49564 not found in process
[1230/181849.917:ERROR:process_reader_win.cc(123)] NtOpenThread: {无法访问} 过程已请求访问一对象，但未给访问权限。 (0xc0000022)
[1230/181849.917:ERROR:exception_snapshot_win.cc(88)] thread ID 75724 not found in process
[1230/182732.155:ERROR:process_reader_win.cc(123)] NtOpenThread: {无法访问} 过程已请求访问一对象，但未给访问权限。 (0xc0000022)
[1230/182732.155:ERROR:exception_snapshot_win.cc(88)] thread ID 75532 not found in process
[1230/182732.159:ERROR:process_reader_win.cc(123)] NtOpenThread: {无法访问} 过程已请求访问一对象，但未给访问权限。 (0xc0000022)
[1230/182732.159:ERROR:exception_snapshot_win.cc(88)] thread ID 68656 not found in process
[1230/183125.745:ERROR:process_reader_win.cc(123)] NtOpenThread: {无法访问} 过程已请求访问一对象，但未给访问权限。 (0xc0000022)
[1230/183125.745:ERROR:exception_snapshot_win.cc(88)] thread ID 70068 not found in process
[1230/183125.754:ERROR:process_reader_win.cc(123)] NtOpenThread: {无法访问} 过程已请求访问一对象，但未给访问权限。 (0xc0000022)
[1230/183125.755:ERROR:exception_snapshot_win.cc(88)] thread ID 71460 not found in process
[1230/183916.786:ERROR:process_reader_win.cc(123)] NtOpenThread: {无法访问} 过程已请求访问一对象，但未给访问权限。 (0xc0000022)
[1230/183916.786:ERROR:exception_snapshot_win.cc(88)] thread ID 26744 not found in process
[1230/183916.798:ERROR:process_reader_win.cc(123)] NtOpenThread: {无法访问} 过程已请求访问一对象，但未给访问权限。 (0xc0000022)
[1230/183916.798:ERROR:exception_snapshot_win.cc(88)] thread ID 62004 not found in process
[1230/184506.961:ERROR:process_reader_win.cc(123)] NtOpenThread: {无法访问} 过程已请求访问一对象，但未给访问权限。 (0xc0000022)
[1230/184506.961:ERROR:exception_snapshot_win.cc(88)] thread ID 6040 not found in process
[1230/185555.210:ERROR:process_reader_win.cc(123)] NtOpenThread: {无法访问} 过程已请求访问一对象，但未给访问权限。 (0xc0000022)
[1230/185555.210:ERROR:process_reader_win.cc(123)] NtOpenThread: {无法访问} 过程已请求访问一对象，但未给访问权限。 (0xc0000022)
[1230/185555.211:ERROR:exception_snapshot_win.cc(88)] thread ID 57208 not found in process
[1230/185555.211:ERROR:exception_snapshot_win.cc(88)] thread ID 75432 not found in process
[1230/185555.230:ERROR:process_reader_win.cc(123)] NtOpenThread: {无法访问} 过程已请求访问一对象，但未给访问权限。 (0xc0000022)
[1230/185555.231:ERROR:exception_snapshot_win.cc(88)] thread ID 14036 not found in process
[1230/185555.239:ERROR:process_reader_win.cc(123)] NtOpenThread: {无法访问} 过程已请求访问一对象，但未给访问权限。 (0xc0000022)
[1230/185555.240:ERROR:exception_snapshot_win.cc(88)] thread ID 44468 not found in process
[1230/190252.183:ERROR:process_reader_win.cc(123)] NtOpenThread: {无法访问} 过程已请求访问一对象，但未给访问权限。 (0xc0000022)
[1230/190252.184:ERROR:exception_snapshot_win.cc(88)] thread ID 68412 not found in process
[1230/190252.199:ERROR:process_reader_win.cc(123)] NtOpenThread: {无法访问} 过程已请求访问一对象，但未给访问权限。 (0xc0000022)
[1230/190252.200:ERROR:exception_snapshot_win.cc(88)] thread ID 68548 not found in process
[1230/192253.723:ERROR:process_reader_win.cc(123)] NtOpenThread: {无法访问} 过程已请求访问一对象，但未给访问权限。 (0xc0000022)
[1230/192253.724:ERROR:exception_snapshot_win.cc(88)] thread ID 25172 not found in process
[1230/192253.743:ERROR:process_reader_win.cc(123)] NtOpenThread: {无法访问} 过程已请求访问一对象，但未给访问权限。 (0xc0000022)
[1230/192253.744:ERROR:exception_snapshot_win.cc(88)] thread ID 72584 not found in process
[1230/192534.648:ERROR:process_reader_win.cc(123)] NtOpenThread: {无法访问} 过程已请求访问一对象，但未给访问权限。 (0xc0000022)
[1230/192534.648:ERROR:exception_snapshot_win.cc(88)] thread ID 24304 not found in process
[1230/192534.660:ERROR:process_reader_win.cc(123)] NtOpenThread: {无法访问} 过程已请求访问一对象，但未给访问权限。 (0xc0000022)
[1230/192534.661:ERROR:exception_snapshot_win.cc(88)] thread ID 13024 not found in process
[1230/193534.107:ERROR:process_reader_win.cc(123)] NtOpenThread: {无法访问} 过程已请求访问一对象，但未给访问权限。 (0xc0000022)
[1230/193534.107:ERROR:exception_snapshot_win.cc(88)] thread ID 51840 not found in process
[1230/193534.109:ERROR:process_reader_win.cc(123)] NtOpenThread: {无法访问} 过程已请求访问一对象，但未给访问权限。 (0xc0000022)
[1230/193534.109:ERROR:exception_snapshot_win.cc(88)] thread ID 65796 not found in process
[1230/193947.925:ERROR:process_reader_win.cc(123)] NtOpenThread: {无法访问} 过程已请求访问一对象，但未给访问权限。 (0xc0000022)
[1230/193947.925:ERROR:exception_snapshot_win.cc(88)] thread ID 44356 not found in process
[1230/193947.940:ERROR:process_reader_win.cc(123)] NtOpenThread: {无法访问} 过程已请求访问一对象，但未给访问权限。 (0xc0000022)
[1230/193947.940:ERROR:exception_snapshot_win.cc(88)] thread ID 70316 not found in process
[1230/194217.193:ERROR:process_reader_win.cc(123)] NtOpenThread: {无法访问} 过程已请求访问一对象，但未给访问权限。 (0xc0000022)
[1230/194217.194:ERROR:exception_snapshot_win.cc(88)] thread ID 77628 not found in process
[1230/194217.203:ERROR:process_reader_win.cc(123)] NtOpenThread: {无法访问} 过程已请求访问一对象，但未给访问权限。 (0xc0000022)
[1230/194217.204:ERROR:exception_snapshot_win.cc(88)] thread ID 72440 not found in process
[1230/194944.494:ERROR:process_reader_win.cc(123)] NtOpenThread: {无法访问} 过程已请求访问一对象，但未给访问权限。 (0xc0000022)
[1230/194944.494:ERROR:exception_snapshot_win.cc(88)] thread ID 72244 not found in process
[1230/195114.642:ERROR:process_reader_win.cc(123)] NtOpenThread: {无法访问} 过程已请求访问一对象，但未给访问权限。 (0xc0000022)
[1230/195114.643:ERROR:exception_snapshot_win.cc(88)] thread ID 72744 not found in process
[1230/195114.643:ERROR:process_reader_win.cc(123)] NtOpenThread: {无法访问} 过程已请求访问一对象，但未给访问权限。 (0xc0000022)
[1230/195114.644:ERROR:exception_snapshot_win.cc(88)] thread ID 66808 not found in process
[1230/195345.129:ERROR:process_reader_win.cc(123)] NtOpenThread: {无法访问} 过程已请求访问一对象，但未给访问权限。 (0xc0000022)
[1230/195345.130:ERROR:exception_snapshot_win.cc(88)] thread ID 57468 not found in process
[1230/195725.647:ERROR:process_reader_win.cc(123)] NtOpenThread: {无法访问} 过程已请求访问一对象，但未给访问权限。 (0xc0000022)
[1230/195725.648:ERROR:exception_snapshot_win.cc(88)] thread ID 25720 not found in process
[1230/195745.422:ERROR:process_info.cc(359)] UncheckedAllocate
[1230/195745.755:ERROR:process_info.cc(359)] UncheckedAllocate
[1230/195745.764:ERROR:process_info.cc(359)] UncheckedAllocate
[1230/195745.780:ERROR:file_io.cc(134)] WriteFile: 配额不足，无法完成请求的服务。 (0x5AD)
[1230/195745.781:ERROR:crash_report_exception_handler.cc(111)] WriteEverything failed
[1230/195745.793:ERROR:filesystem_win.cc(148)] DeleteFile C:\Users\zjccw\AppData\Local\Temp\scoped_dir24184_13360\Crashpad\reports\58539fac-28f5-40f6-b878-0110c3ebad38.dmp: 另一个程序正在使用此文件，进程无法访问。 (0x20)
[1230/195745.952:ERROR:process_info.cc(359)] UncheckedAllocate
[1230/195750.646:ERROR:file_io.cc(134)] WriteFile: 管道正在被关闭。 (0xE8)
[1230/200754.922:ERROR:process_reader_win.cc(123)] NtOpenThread: {无法访问} 过程已请求访问一对象，但未给访问权限。 (0xc0000022)
[1230/200754.922:ERROR:exception_snapshot_win.cc(88)] thread ID 71088 not found in process
[1230/200754.927:ERROR:process_reader_win.cc(123)] NtOpenThread: {无法访问} 过程已请求访问一对象，但未给访问权限。 (0xc0000022)
[1230/200754.927:ERROR:exception_snapshot_win.cc(88)] thread ID 75360 not found in process
[1230/201659.632:ERROR:process_info.cc(359)] UncheckedAllocate
[1230/201659.864:ERROR:process_info.cc(359)] UncheckedAllocate
[1230/201659.865:ERROR:process_info.cc(359)] UncheckedAllocate
[1230/201659.936:ERROR:process_info.cc(359)] UncheckedAllocate
[1230/201659.951:ERROR:process_info.cc(359)] UncheckedAllocate
[1230/201700.012:ERROR:process_info.cc(359)] UncheckedAllocate
[1230/201700.028:ERROR:process_info.cc(359)] UncheckedAllocate
[1230/201703.961:ERROR:process_info.cc(359)] UncheckedAllocate
[1230/201708.009:ERROR:process_info.cc(359)] UncheckedAllocate
[1230/201708.020:ERROR:process_info.cc(359)] UncheckedAllocate
[1230/201709.133:ERROR:process_info.cc(359)] UncheckedAllocate
[1230/201710.596:ERROR:process_info.cc(359)] UncheckedAllocate
[1230/201714.111:ERROR:process_info.cc(359)] UncheckedAllocate
[1230/201714.329:ERROR:process_info.cc(359)] UncheckedAllocate
[1230/201745.158:ERROR:process_info.cc(359)] UncheckedAllocate
[1230/201746.258:ERROR:process_info.cc(359)] UncheckedAllocate
[1230/201801.744:ERROR:process_info.cc(359)] UncheckedAllocate
[1230/201802.168:ERROR:process_info.cc(359)] UncheckedAllocate
[1230/201802.393:ERROR:filesystem_win.cc(148)] DeleteFile C:\Users\zjccw\AppData\Local\Temp\scoped_dir19160_16781\Crashpad\reports\e7ccd6eb-67e4-4531-893d-4e33c3282e61.dmp: 另一个程序正在使用此文件，进程无法访问。 (0x20)
[1230/201802.574:ERROR:process_info.cc(359)] UncheckedAllocate
[1230/201802.679:ERROR:process_info.cc(359)] UncheckedAllocate
